<?xml version="1.0" encoding="UTF-8"?>
<!-- Generated by org.testng.reporters.JUnitXMLReporter -->
<testsuite ignored="2" hostname="Bharath" failures="0" tests="3" name="ChromeTest" time="0.011" errors="0" timestamp="2025-06-05T23:05:04 IST">
  <testcase classname="testng.concepts.AppCommons" name="TestCase3" time="0.001"/>
  <testcase classname="testng.concepts.AppCommons" name="TestCase3" time="0.0"/>
  <testcase classname="testng.concepts.AppCommons" name="TestCase3" time="0.002"/>
  <testcase classname="testng.concepts.AppCommons" name="TestCase2" time="0.0">
    <ignored/>
  </testcase> <!-- TestCase2 -->
  <testcase classname="testng.concepts.AppCommons" name="TestCase1" time="0.0">
    <ignored/>
  </testcase> <!-- TestCase1 -->
</testsuite> <!-- ChromeTest -->
