<?xml version="1.0" encoding="UTF-8"?>
<!-- Generated by org.testng.reporters.JUnitXMLReporter -->
<testsuite ignored="2" hostname="Bharath" failures="0" tests="1" name="Test2" time="0.038" errors="0" timestamp="2025-06-06T22:26:03 IST">
  <testcase classname="testng.concepts.AppCommons" name="TestCase2" time="0.005"/>
  <testcase classname="testng.concepts.AppCommons" name="TestCase3" time="0.0">
    <ignored/>
  </testcase> <!-- TestCase3 -->
  <testcase classname="testng.concepts.AppCommons" name="TestCase1" time="0.0">
    <ignored/>
  </testcase> <!-- TestCase1 -->
</testsuite> <!-- Test2 -->
