<?xml version="1.0" encoding="UTF-8"?>
<testng-results ignored="4" total="8" passed="4" failed="0" skipped="0">
  <reporter-output>
  </reporter-output>
  <suite started-at="2025-06-05T23:05:04 IST" name="Suite" finished-at="2025-06-05T23:05:04 IST" duration-ms="114">
    <groups>
    </groups>
    <test started-at="2025-06-05T23:05:04 IST" name="FirefoxTest" finished-at="2025-06-05T23:05:04 IST" duration-ms="39">
      <class name="testng.concepts.AppCommons">
        <test-method is-config="true" signature="launchBrowserAndApplication(java.lang.String,java.lang.String)[pri:0, instance:testng.concepts.AppCommons@1d2adfbe]" started-at="2025-06-05T23:05:04 IST" name="launchBrowserAndApplication" finished-at="2025-06-05T23:05:04 IST" duration-ms="3" status="PASS">
          <params>
            <param index="0">
              <value>
                <![CDATA[Firefox]]>
              </value>
            </param>
            <param index="1">
              <value>
                <![CDATA[https://www.google.com]]>
              </value>
            </param>
          </params>
          <reporter-output>
          </reporter-output>
        </test-method> <!-- launchBrowserAndApplication -->
        <test-method signature="TestCase2()[pri:0, instance:testng.concepts.AppCommons@1d2adfbe]" started-at="2025-06-05T23:05:04 IST" name="TestCase2" finished-at="2025-06-05T23:05:04 IST" duration-ms="6" status="PASS">
          <reporter-output>
          </reporter-output>
        </test-method> <!-- TestCase2 -->
        <test-method is-config="true" signature="closeBrowser()[pri:0, instance:testng.concepts.AppCommons@1d2adfbe]" started-at="2025-06-05T23:05:04 IST" name="closeBrowser" finished-at="2025-06-05T23:05:04 IST" duration-ms="1" status="PASS">
          <reporter-output>
          </reporter-output>
        </test-method> <!-- closeBrowser -->
      </class> <!-- testng.concepts.AppCommons -->
    </test> <!-- FirefoxTest -->
    <test started-at="2025-06-05T23:05:04 IST" name="ChromeTest" finished-at="2025-06-05T23:05:04 IST" duration-ms="11">
      <class name="testng.concepts.AppCommons">
        <test-method is-config="true" signature="startReporting()[pri:0, instance:testng.concepts.AppCommons@7cc0cdad]" started-at="2025-06-05T23:05:04 IST" name="startReporting" finished-at="2025-06-05T23:05:04 IST" duration-ms="6" status="PASS">
          <reporter-output>
          </reporter-output>
        </test-method> <!-- startReporting -->
        <test-method is-config="true" signature="launchBrowserAndApplication(java.lang.String,java.lang.String)[pri:0, instance:testng.concepts.AppCommons@7cc0cdad]" started-at="2025-06-05T23:05:04 IST" name="launchBrowserAndApplication" finished-at="2025-06-05T23:05:04 IST" duration-ms="0" status="PASS">
          <params>
            <param index="0">
              <value>
                <![CDATA[Chrome]]>
              </value>
            </param>
            <param index="1">
              <value>
                <![CDATA[https://www.google.com]]>
              </value>
            </param>
          </params>
          <reporter-output>
          </reporter-output>
        </test-method> <!-- launchBrowserAndApplication -->
        <test-method signature="TestCase3(java.lang.String,java.lang.String)[pri:0, instance:testng.concepts.AppCommons@7cc0cdad]" started-at="2025-06-05T23:05:04 IST" name="TestCase3" data-provider="loginData" finished-at="2025-06-05T23:05:04 IST" duration-ms="1" status="PASS">
          <params>
            <param index="0">
              <value>
                <![CDATA[user1]]>
              </value>
            </param>
            <param index="1">
              <value>
                <![CDATA[pass1]]>
              </value>
            </param>
          </params>
          <reporter-output>
          </reporter-output>
        </test-method> <!-- TestCase3 -->
        <test-method is-config="true" signature="closeBrowser()[pri:0, instance:testng.concepts.AppCommons@7cc0cdad]" started-at="2025-06-05T23:05:04 IST" name="closeBrowser" finished-at="2025-06-05T23:05:04 IST" duration-ms="1" status="PASS">
          <reporter-output>
          </reporter-output>
        </test-method> <!-- closeBrowser -->
        <test-method is-config="true" signature="launchBrowserAndApplication(java.lang.String,java.lang.String)[pri:0, instance:testng.concepts.AppCommons@7cc0cdad]" started-at="2025-06-05T23:05:04 IST" name="launchBrowserAndApplication" finished-at="2025-06-05T23:05:04 IST" duration-ms="1" status="PASS">
          <params>
            <param index="0">
              <value>
                <![CDATA[Chrome]]>
              </value>
            </param>
            <param index="1">
              <value>
                <![CDATA[https://www.google.com]]>
              </value>
            </param>
          </params>
          <reporter-output>
          </reporter-output>
        </test-method> <!-- launchBrowserAndApplication -->
        <test-method signature="TestCase3(java.lang.String,java.lang.String)[pri:0, instance:testng.concepts.AppCommons@7cc0cdad]" started-at="2025-06-05T23:05:04 IST" name="TestCase3" data-provider="loginData" finished-at="2025-06-05T23:05:04 IST" duration-ms="0" status="PASS">
          <params>
            <param index="0">
              <value>
                <![CDATA[user2]]>
              </value>
            </param>
            <param index="1">
              <value>
                <![CDATA[pass2]]>
              </value>
            </param>
          </params>
          <reporter-output>
          </reporter-output>
        </test-method> <!-- TestCase3 -->
        <test-method signature="TestCase3(java.lang.String,java.lang.String)[pri:0, instance:testng.concepts.AppCommons@7cc0cdad]" started-at="2025-06-05T23:05:04 IST" name="TestCase3" data-provider="loginData" finished-at="2025-06-05T23:05:04 IST" duration-ms="2" status="PASS">
          <params>
            <param index="0">
              <value>
                <![CDATA[user3]]>
              </value>
            </param>
            <param index="1">
              <value>
                <![CDATA[pass3]]>
              </value>
            </param>
          </params>
          <reporter-output>
          </reporter-output>
        </test-method> <!-- TestCase3 -->
        <test-method is-config="true" signature="closeBrowser()[pri:0, instance:testng.concepts.AppCommons@7cc0cdad]" started-at="2025-06-05T23:05:04 IST" name="closeBrowser" finished-at="2025-06-05T23:05:04 IST" duration-ms="0" status="PASS">
          <reporter-output>
          </reporter-output>
        </test-method> <!-- closeBrowser -->
        <test-method is-config="true" signature="launchBrowserAndApplication(java.lang.String,java.lang.String)[pri:0, instance:testng.concepts.AppCommons@7cc0cdad]" started-at="2025-06-05T23:05:04 IST" name="launchBrowserAndApplication" finished-at="2025-06-05T23:05:04 IST" duration-ms="0" status="PASS">
          <params>
            <param index="0">
              <value>
                <![CDATA[Chrome]]>
              </value>
            </param>
            <param index="1">
              <value>
                <![CDATA[https://www.google.com]]>
              </value>
            </param>
          </params>
          <reporter-output>
          </reporter-output>
        </test-method> <!-- launchBrowserAndApplication -->
        <test-method is-config="true" signature="closeBrowser()[pri:0, instance:testng.concepts.AppCommons@7cc0cdad]" started-at="2025-06-05T23:05:04 IST" name="closeBrowser" finished-at="2025-06-05T23:05:04 IST" duration-ms="0" status="PASS">
          <reporter-output>
          </reporter-output>
        </test-method> <!-- closeBrowser -->
        <test-method is-config="true" signature="stopReporting()[pri:0, instance:testng.concepts.AppCommons@7cc0cdad]" started-at="2025-06-05T23:05:04 IST" name="stopReporting" finished-at="2025-06-05T23:05:04 IST" duration-ms="0" status="PASS">
          <reporter-output>
          </reporter-output>
        </test-method> <!-- stopReporting -->
      </class> <!-- testng.concepts.AppCommons -->
    </test> <!-- ChromeTest -->
  </suite> <!-- Suite -->
</testng-results>
